#
# There is insufficient memory for the Java Runtime Environment to continue.
# Native memory allocation (mmap) failed to map 134217728 bytes for Failed to commit area from 0x0000000081600000 to 0x0000000089600000 of length 134217728.
# Possible reasons:
#   The system is out of physical RAM or swap space
#   The process is running with CompressedOops enabled, and the Java Heap may be blocking the growth of the native heap
# Possible solutions:
#   Reduce memory load on the system
#   Increase physical memory or swap space
#   Check if swap backing store is full
#   Decrease Java heap size (-Xmx/-Xms)
#   Decrease number of Java threads
#   Decrease Java thread stack sizes (-Xss)
#   Set larger code cache with -XX:ReservedCodeCacheSize=
# This output file may be truncated or incomplete.
#
#  Out of Memory Error (t:/workspace/open/src/hotspot/os/windows/os_windows.cpp:3264), pid=12364, tid=18124
#
# JRE version:  (12.0.2+10) (build )
# Java VM: Java HotSpot(TM) 64-Bit Server VM (12.0.2+10, mixed mode, aot, sharing, tiered, compressed oops, g1 gc, windows-amd64)
# No core dump will be written. Minidumps are not enabled by default on client versions of Windows
#

---------------  S U M M A R Y ------------

Command Line: -Dfile.encoding=Cp1252 com.Task_15.VehicalEntry

Host: Intel(R) Core(TM) i7-5500U CPU @ 2.40GHz, 4 cores, 7G,  Windows 10 , 64 bit Build 18362 (10.0.18362.329)
Time: Tue Sep 17 10:42:55 2019 India Standard Time elapsed time: 0 seconds (0d 0h 0m 0s)

---------------  T H R E A D  ---------------

Current thread (0x000002691c8c8800):  JavaThread "Unknown thread" [_thread_in_vm, id=18124, stack(0x000000937b400000,0x000000937b500000)]

Stack: [0x000000937b400000,0x000000937b500000]
Native frames: (J=compiled Java code, j=interpreted, Vv=VM code, C=native code)
V  [jvm.dll+0x63aa2a]
V  [jvm.dll+0x78ce1e]
V  [jvm.dll+0x78e4c1]
V  [jvm.dll+0x78eb13]
V  [jvm.dll+0x2627e8]
V  [jvm.dll+0x637f5a]
V  [jvm.dll+0x62c845]
V  [jvm.dll+0x31e49c]
V  [jvm.dll+0x31e2cf]
V  [jvm.dll+0x324006]
V  [jvm.dll+0x371f56]
V  [jvm.dll+0x371720]
V  [jvm.dll+0x2f845a]
V  [jvm.dll+0x2f96d2]
V  [jvm.dll+0x767267]
V  [jvm.dll+0x7689f5]
V  [jvm.dll+0x380059]
V  [jvm.dll+0x74b794]
V  [jvm.dll+0x3ef5cd]
V  [jvm.dll+0x3f1471]
C  [jli.dll+0x51cf]
C  [ucrtbase.dll+0x1d9f2]
C  [KERNEL32.DLL+0x17bd4]
C  [ntdll.dll+0x6cee1]


---------------  P R O C E S S  ---------------

Threads class SMR info:
_java_thread_list=0x00007ffaa9207928, length=0, elements={
}

Java Threads: ( => current thread )

Other Threads:
  0x000002691c906800 GCTaskThread "GC Thread#0" [stack: 0x000000937b500000,0x000000937b600000] [id=7716]
  0x000002691c915800 ConcurrentGCThread "G1 Main Marker" [stack: 0x000000937b600000,0x000000937b700000] [id=8232]
  0x000002691c919000 ConcurrentGCThread "G1 Conc#0" [stack: 0x000000937b700000,0x000000937b800000] [id=16984]

[error occurred during error reporting (printing all threads), id 0xc0000005, EXCEPTION_ACCESS_VIOLATION (0xc0000005) at pc=0x00007ffaa8a385e7]

VM state:not at safepoint (not fully initialized)

VM Mutex/Monitor currently owned by a thread:  ([mutex/lock_event])
[0x000002691c8c5760] Heap_lock - owner thread: 0x000002691c8c8800

Heap address: 0x0000000081600000, size: 2026 MB, Compressed Oops mode: Non-zero based: 0x0000000081600000
Narrow klass base: 0x0000000000000000, Narrow klass shift: 0

GC Heap History (0 events):
No events

Deoptimization events (0 events):
No events

Classes redefined (0 events):
No events

Internal exceptions (0 events):
No events

Events (0 events):
No events


Dynamic libraries:
0x00007ff680f10000 - 0x00007ff680f1f000 	D:\SoftWare\C\Java\bin\javaw.exe
0x00007ffac1540000 - 0x00007ffac1730000 	C:\WINDOWS\SYSTEM32\ntdll.dll
0x00007ffac0890000 - 0x00007ffac0942000 	C:\WINDOWS\System32\KERNEL32.DLL
0x00007ffabef70000 - 0x00007ffabf213000 	C:\WINDOWS\System32\KERNELBASE.dll
0x00007ffabe4d0000 - 0x00007ffabe5ca000 	C:\WINDOWS\System32\ucrtbase.dll
0x00007ffab45b0000 - 0x00007ffab45c8000 	D:\SoftWare\C\Java\bin\jli.dll
0x00007ffac0710000 - 0x00007ffac07b3000 	C:\WINDOWS\System32\ADVAPI32.dll
0x00007ffac0950000 - 0x00007ffac09ee000 	C:\WINDOWS\System32\msvcrt.dll
0x00007ffabfca0000 - 0x00007ffabfd37000 	C:\WINDOWS\System32\sechost.dll
0x00007ffabfd40000 - 0x00007ffabfe60000 	C:\WINDOWS\System32\RPCRT4.dll
0x00007ffac0570000 - 0x00007ffac0703000 	C:\WINDOWS\System32\USER32.dll
0x00007ffabe720000 - 0x00007ffabe741000 	C:\WINDOWS\System32\win32u.dll
0x00007ffac1470000 - 0x00007ffac1496000 	C:\WINDOWS\System32\GDI32.dll
0x00007ffabf280000 - 0x00007ffabf414000 	C:\WINDOWS\System32\gdi32full.dll
0x00007ffabe750000 - 0x00007ffabe7ee000 	C:\WINDOWS\System32\msvcp_win.dll
0x00007ffab4610000 - 0x00007ffab4626000 	D:\SoftWare\C\Java\bin\VCRUNTIME140.dll
0x00007ffab3d70000 - 0x00007ffab3ff5000 	C:\WINDOWS\WinSxS\amd64_microsoft.windows.common-controls_6595b64144ccf1df_6.0.18362.329_none_e6c7b0c7130c72de\COMCTL32.dll
0x00007ffabf650000 - 0x00007ffabf986000 	C:\WINDOWS\System32\combase.dll
0x00007ffabf420000 - 0x00007ffabf4a0000 	C:\WINDOWS\System32\bcryptPrimitives.dll
0x00007ffaba140000 - 0x00007ffaba14a000 	C:\WINDOWS\SYSTEM32\VERSION.dll
0x00007ffac0ed0000 - 0x00007ffac0efe000 	C:\WINDOWS\System32\IMM32.DLL
0x00007ffa7c020000 - 0x00007ffa7c0ca000 	D:\SoftWare\C\Java\bin\msvcp140.dll
0x00007ffaa8730000 - 0x00007ffaa92a7000 	D:\SoftWare\C\Java\bin\server\jvm.dll
0x00007ffac07c0000 - 0x00007ffac07c8000 	C:\WINDOWS\System32\PSAPI.DLL
0x00007ffab2010000 - 0x00007ffab2019000 	C:\WINDOWS\SYSTEM32\WSOCK32.dll
0x00007ffac0f80000 - 0x00007ffac0fef000 	C:\WINDOWS\System32\WS2_32.dll
0x00007ffab5110000 - 0x00007ffab5134000 	C:\WINDOWS\SYSTEM32\WINMM.dll
0x00007ffab4690000 - 0x00007ffab46bd000 	C:\WINDOWS\SYSTEM32\WINMMBASE.dll
0x00007ffabf5a0000 - 0x00007ffabf5ea000 	C:\WINDOWS\System32\cfgmgr32.dll
0x00007ffabe420000 - 0x00007ffabe431000 	C:\WINDOWS\System32\kernel.appcore.dll
0x00007ffa9c250000 - 0x00007ffa9c261000 	D:\SoftWare\C\Java\bin\verify.dll
0x00007ffab7b90000 - 0x00007ffab7d84000 	C:\WINDOWS\SYSTEM32\DBGHELP.DLL
0x00007ffab7b50000 - 0x00007ffab7b7a000 	C:\WINDOWS\SYSTEM32\dbgcore.DLL
0x00007ffa9c220000 - 0x00007ffa9c246000 	D:\SoftWare\C\Java\bin\java.dll
0x00007ffab35c0000 - 0x00007ffab35d7000 	D:\SoftWare\C\Java\bin\zip.dll
0x00007ffa93ce0000 - 0x00007ffa93cea000 	D:\SoftWare\C\Java\bin\jimage.dll

dbghelp: loaded successfully - version: 4.0.5 - missing functions: none
symbol engine: initialized successfully - sym options: 0x614 - pdb path: .;D:\SoftWare\C\Java\bin;C:\WINDOWS\SYSTEM32;C:\WINDOWS\WinSxS\amd64_microsoft.windows.common-controls_6595b64144ccf1df_6.0.18362.329_none_e6c7b0c7130c72de;D:\SoftWare\C\Java\bin\server

VM Arguments:
jvm_args: -Dfile.encoding=Cp1252 
java_command: com.Task_15.VehicalEntry
java_class_path (initial): D:\New SSI Workspace\HibernateTask\target\classes;C:\Users\Aakash\.m2\repository\org\hibernate\hibernate-core\4.3.2.Final\hibernate-core-4.3.2.Final.jar;C:\Users\Aakash\.m2\repository\org\jboss\logging\jboss-logging\3.1.3.GA\jboss-logging-3.1.3.GA.jar;C:\Users\Aakash\.m2\repository\org\jboss\logging\jboss-logging-annotations\1.2.0.Beta1\jboss-logging-annotations-1.2.0.Beta1.jar;C:\Users\Aakash\.m2\repository\org\jboss\spec\javax\transaction\jboss-transaction-api_1.2_spec\1.0.0.Final\jboss-transaction-api_1.2_spec-1.0.0.Final.jar;C:\Users\Aakash\.m2\repository\dom4j\dom4j\1.6.1\dom4j-1.6.1.jar;C:\Users\Aakash\.m2\repository\xml-apis\xml-apis\1.0.b2\xml-apis-1.0.b2.jar;C:\Users\Aakash\.m2\repository\org\hibernate\common\hibernate-commons-annotations\4.0.4.Final\hibernate-commons-annotations-4.0.4.Final.jar;C:\Users\Aakash\.m2\repository\org\hibernate\javax\persistence\hibernate-jpa-2.1-api\1.0.0.Final\hibernate-jpa-2.1-api-1.0.0.Final.jar;C:\Users\Aakash\.m2\repository\org\javassist\javassist\3.18.1-GA\javassist-3.18.1-GA.jar;C:\Users\Aakash\.m2\repository\antlr\antlr\2.7.7\antlr-2.7.7.jar;C:\Users\Aakash\.m2\repository\org\jboss\jandex\1.1.0.Final\jandex-1.1.0.Final.jar;C:\Users\Aakash\.m2\repository\mysql\mysql-connector-java\5.0.5\mysql-connector-java-5.0.5.jar
Launcher Type: SUN_STANDARD

[Global flags]
     intx CICompilerCount                          = 3                                         {product} {ergonomic}
     uint ConcGCThreads                            = 1                                         {product} {ergonomic}
     uint G1ConcRefinementThreads                  = 4                                         {product} {ergonomic}
   size_t G1HeapRegionSize                         = 1048576                                   {product} {ergonomic}
    uintx GCDrainStackTargetSize                   = 64                                        {product} {ergonomic}
   size_t InitialHeapSize                          = 134217728                                 {product} {ergonomic}
   size_t MarkStackSize                            = 4194304                                   {product} {ergonomic}
   size_t MaxHeapSize                              = 2124414976                                {product} {ergonomic}
   size_t MinHeapDeltaBytes                        = 1048576                                   {product} {ergonomic}
    uintx NonNMethodCodeHeapSize                   = 5830732                                {pd product} {ergonomic}
    uintx NonProfiledCodeHeapSize                  = 122913754                              {pd product} {ergonomic}
    uintx ProfiledCodeHeapSize                     = 122913754                              {pd product} {ergonomic}
    uintx ReservedCodeCacheSize                    = 251658240                              {pd product} {ergonomic}
     bool SegmentedCodeCache                       = true                                      {product} {ergonomic}
     bool UseCompressedClassPointers               = true                                 {lp64_product} {ergonomic}
     bool UseCompressedOops                        = true                                 {lp64_product} {ergonomic}
     bool UseG1GC                                  = true                                      {product} {ergonomic}
     bool UseLargePagesIndividualAllocation        = false                                  {pd product} {ergonomic}

Logging:
Log output configuration:
 #0: stdout all=warning uptime,level,tags
 #1: stderr all=off uptime,level,tags

Environment Variables:
PATH=D:/SoftWare/C/Java/bin/server;D:/SoftWare/C/Java/bin;D:\SoftWare\oraclexe\app\oracle\product\11.2.0\server\bin;;C:\Program Files\Microsoft MPI\Bin\;C:\Windows\system32;C:\Windows;C:\Windows\System32\Wbem;C:\Windows\System32\WindowsPowerShell\v1.0\;C:\Program Files (x86)\NVIDIA Corporation\PhysX\Common;C:\WINDOWS\system32;C:\WINDOWS;C:\WINDOWS\System32\Wbem;C:\WINDOWS\System32\WindowsPowerShell\v1.0\;C:\WINDOWS\System32\OpenSSH\;C:\Program Files\Microsoft SQL Server\Client SDK\ODBC\130\Tools\Binn\;C:\Program Files (x86)\Microsoft SQL Server\140\Tools\Binn\;C:\Program Files\Microsoft SQL Server\140\Tools\Binn\;C:\Program Files\Microsoft SQL Server\140\DTS\Binn\;C:\Program Files (x86)\Microsoft SQL Server\150\DTS\Binn\;C:\Program Files (x86)\Microsoft SQL Server\100\Tools\Binn\;C:\Program Files\Microsoft SQL Server\100\Tools\Binn\;C:\Program Files\Microsoft SQL Server\100\DTS\Binn\;C:\Program Files (x86)\Microsoft SQL Server\Client SDK\ODBC\130\Tools\Binn\;C:\Program Files (x86)\Microsoft SQL Server\140\DTS\Binn\;C:\Program Files (x86)\Microsoft SQL Server\140\Tools\Binn\ManagementStudio\;C:\Program Files (x86)\Microsoft SQL Server\100\Tools\Binn\VSShell\Common7\IDE\;C:\Program Files (x86)\Microsoft SQL Server\100\DTS\Binn\;C:\Program Files (x86)\MySQL\MySQL Server 5.0\bin;C:\Users\Aakash\AppData\Local\Programs\Python\Python37-32\Scripts\;C:\Users\Aakash\AppData\Local\Programs\Python\Python37-32\;C:\Users\Aakash\AppData\Local\Microsoft\WindowsApps;C:\Users\Aakash\AppData\Local\atom\bin;C:\Exercism;C:\Users\Aakash\AppData\Local\Microsoft\WindowsApps;D:\SoftWare\C\Java\bin;;C:\WINDOWS\system32;
USERNAME=Aakash
OS=Windows_NT
PROCESSOR_IDENTIFIER=Intel64 Family 6 Model 61 Stepping 4, GenuineIntel



---------------  S Y S T E M  ---------------

OS: Windows 10 , 64 bit Build 18362 (10.0.18362.329)

CPU:total 4 (initial active 4) (2 cores per cpu, 2 threads per core) family 6 model 61 stepping 4, cmov, cx8, fxsr, mmx, sse, sse2, sse3, ssse3, sse4.1, sse4.2, popcnt, avx, avx2, aes, clmul, erms, 3dnowpref, lzcnt, ht, tsc, tscinvbit, bmi1, bmi2, adx, fma

Memory: 4k page, system-wide physical 8102M (1107M free)
TotalPageFile size 23772M (AvailPageFile size 11M)
current process WorkingSet (physical memory assigned to process): 9M, peak: 9M
current process commit charge ("private bytes"): 51M, peak: 179M

vm_info: Java HotSpot(TM) 64-Bit Server VM (12.0.2+10) for windows-amd64 JRE (12.0.2+10), built on Jul 16 2019 01:56:17 by "mach5one" with MS VC++ 15.5 (VS2017)

END.
